Performance Statistics   2017-05-05 10:42:00 - 2017-05-05 10:43:00
Tag                                                  Avg(ms)         Min         Max     Std Dev       Count

Performance Statistics   2017-05-05 10:43:00 - 2017-05-05 10:44:00
Tag                                                  Avg(ms)         Min         Max     Std Dev       Count

Performance Statistics   2017-05-05 10:44:00 - 2017-05-05 10:45:00
Tag                                                  Avg(ms)         Min         Max     Std Dev       Count
GRANT_SERVICE_TICKET                                    24.0          24          24         0.0           1

Performance Statistics   2017-05-05 10:45:00 - 2017-05-05 10:46:00
Tag                                                  Avg(ms)         Min         Max     Std Dev       Count
AUTHENTICATE                                           149.0          64         234        85.0           2
CREATE_TICKET_GRANTING_TICKET                          169.0          77         261        92.0           2
DESTROY_TICKET_GRANTING_TICKET                           1.0           1           1         0.0           1
GRANT_SERVICE_TICKET                                    15.2           2          38        13.5           6
VALIDATE_SERVICE_TICKET                                  4.7           1          12         3.6           6

Performance Statistics   2017-05-05 10:46:00 - 2017-05-05 10:47:00
Tag                                                  Avg(ms)         Min         Max     Std Dev       Count

Performance Statistics   2017-05-05 10:47:00 - 2017-05-05 10:48:00
Tag                                                  Avg(ms)         Min         Max     Std Dev       Count

Performance Statistics   2017-05-05 10:48:00 - 2017-05-05 10:49:00
Tag                                                  Avg(ms)         Min         Max     Std Dev       Count

Performance Statistics   2017-05-05 10:49:00 - 2017-05-05 10:50:00
Tag                                                  Avg(ms)         Min         Max     Std Dev       Count

Performance Statistics   2017-05-05 10:50:00 - 2017-05-05 10:51:00
Tag                                                  Avg(ms)         Min         Max     Std Dev       Count

Performance Statistics   2017-05-05 11:19:00 - 2017-05-05 11:20:00
Tag                                                  Avg(ms)         Min         Max     Std Dev       Count

Performance Statistics   2017-05-05 11:20:00 - 2017-05-05 11:21:00
Tag                                                  Avg(ms)         Min         Max     Std Dev       Count

Performance Statistics   2017-05-05 11:21:00 - 2017-05-05 11:22:00
Tag                                                  Avg(ms)         Min         Max     Std Dev       Count

Performance Statistics   2017-05-05 11:22:00 - 2017-05-05 11:23:00
Tag                                                  Avg(ms)         Min         Max     Std Dev       Count

Performance Statistics   2017-05-05 11:23:00 - 2017-05-05 11:24:00
Tag                                                  Avg(ms)         Min         Max     Std Dev       Count

Performance Statistics   2017-05-05 11:24:00 - 2017-05-05 11:25:00
Tag                                                  Avg(ms)         Min         Max     Std Dev       Count

Performance Statistics   2017-05-05 11:25:00 - 2017-05-05 11:26:00
Tag                                                  Avg(ms)         Min         Max     Std Dev       Count

Performance Statistics   2017-05-05 11:26:00 - 2017-05-05 11:27:00
Tag                                                  Avg(ms)         Min         Max     Std Dev       Count

Performance Statistics   2017-05-05 11:27:00 - 2017-05-05 11:28:00
Tag                                                  Avg(ms)         Min         Max     Std Dev       Count

Performance Statistics   2017-05-05 11:28:00 - 2017-05-05 11:29:00
Tag                                                  Avg(ms)         Min         Max     Std Dev       Count
GRANT_SERVICE_TICKET                                     7.0           7           7         0.0           1

Performance Statistics   2017-05-05 11:29:00 - 2017-05-05 11:30:00
Tag                                                  Avg(ms)         Min         Max     Std Dev       Count
AUTHENTICATE                                           187.0         187         187         0.0           1
CREATE_TICKET_GRANTING_TICKET                          203.0         203         203         0.0           1
DESTROY_TICKET_GRANTING_TICKET                           1.0           1           1         0.0           1
GRANT_SERVICE_TICKET                                     4.0           0           9         3.5           6
VALIDATE_SERVICE_TICKET                                  8.3           1          40        14.3           6

Performance Statistics   2017-05-05 11:30:00 - 2017-05-05 11:31:00
Tag                                                  Avg(ms)         Min         Max     Std Dev       Count

Performance Statistics   2017-05-05 11:31:00 - 2017-05-05 11:32:00
Tag                                                  Avg(ms)         Min         Max     Std Dev       Count

Performance Statistics   2017-05-05 11:32:00 - 2017-05-05 11:33:00
Tag                                                  Avg(ms)         Min         Max     Std Dev       Count

Performance Statistics   2017-05-05 11:33:00 - 2017-05-05 11:34:00
Tag                                                  Avg(ms)         Min         Max     Std Dev       Count

Performance Statistics   2017-05-05 11:34:00 - 2017-05-05 11:35:00
Tag                                                  Avg(ms)         Min         Max     Std Dev       Count

Performance Statistics   2017-05-05 11:35:00 - 2017-05-05 11:36:00
Tag                                                  Avg(ms)         Min         Max     Std Dev       Count

Performance Statistics   2017-05-05 11:36:00 - 2017-05-05 11:37:00
Tag                                                  Avg(ms)         Min         Max     Std Dev       Count

Performance Statistics   2017-05-05 11:37:00 - 2017-05-05 11:38:00
Tag                                                  Avg(ms)         Min         Max     Std Dev       Count

Performance Statistics   2017-05-05 11:38:00 - 2017-05-05 11:39:00
Tag                                                  Avg(ms)         Min         Max     Std Dev       Count

Performance Statistics   2017-05-05 11:39:00 - 2017-05-05 11:40:00
Tag                                                  Avg(ms)         Min         Max     Std Dev       Count

Performance Statistics   2017-05-05 11:40:00 - 2017-05-05 11:41:00
Tag                                                  Avg(ms)         Min         Max     Std Dev       Count

Performance Statistics   2017-05-05 11:41:00 - 2017-05-05 11:42:00
Tag                                                  Avg(ms)         Min         Max     Std Dev       Count

Performance Statistics   2017-05-05 11:42:00 - 2017-05-05 11:43:00
Tag                                                  Avg(ms)         Min         Max     Std Dev       Count

Performance Statistics   2017-05-05 11:43:00 - 2017-05-05 11:44:00
Tag                                                  Avg(ms)         Min         Max     Std Dev       Count

Performance Statistics   2017-05-05 11:44:00 - 2017-05-05 11:45:00
Tag                                                  Avg(ms)         Min         Max     Std Dev       Count

Performance Statistics   2017-05-05 11:45:00 - 2017-05-05 11:46:00
Tag                                                  Avg(ms)         Min         Max     Std Dev       Count

Performance Statistics   2017-05-05 11:46:00 - 2017-05-05 11:47:00
Tag                                                  Avg(ms)         Min         Max     Std Dev       Count

Performance Statistics   2017-05-05 11:47:00 - 2017-05-05 11:48:00
Tag                                                  Avg(ms)         Min         Max     Std Dev       Count

Performance Statistics   2017-05-05 11:48:00 - 2017-05-05 11:49:00
Tag                                                  Avg(ms)         Min         Max     Std Dev       Count

Performance Statistics   2017-05-05 11:49:00 - 2017-05-05 11:50:00
Tag                                                  Avg(ms)         Min         Max     Std Dev       Count

Performance Statistics   2017-05-05 11:50:00 - 2017-05-05 11:51:00
Tag                                                  Avg(ms)         Min         Max     Std Dev       Count

Performance Statistics   2017-05-05 11:51:00 - 2017-05-05 11:52:00
Tag                                                  Avg(ms)         Min         Max     Std Dev       Count

Performance Statistics   2017-05-05 11:52:00 - 2017-05-05 11:53:00
Tag                                                  Avg(ms)         Min         Max     Std Dev       Count

Performance Statistics   2017-05-05 11:53:00 - 2017-05-05 11:54:00
Tag                                                  Avg(ms)         Min         Max     Std Dev       Count

Performance Statistics   2017-05-05 11:54:00 - 2017-05-05 11:55:00
Tag                                                  Avg(ms)         Min         Max     Std Dev       Count

Performance Statistics   2017-05-05 11:55:00 - 2017-05-05 11:56:00
Tag                                                  Avg(ms)         Min         Max     Std Dev       Count

Performance Statistics   2017-05-05 11:56:00 - 2017-05-05 11:57:00
Tag                                                  Avg(ms)         Min         Max     Std Dev       Count

Performance Statistics   2017-05-05 11:57:00 - 2017-05-05 11:58:00
Tag                                                  Avg(ms)         Min         Max     Std Dev       Count

Performance Statistics   2017-05-05 11:58:00 - 2017-05-05 11:59:00
Tag                                                  Avg(ms)         Min         Max     Std Dev       Count

Performance Statistics   2017-05-05 11:59:00 - 2017-05-05 12:00:00
Tag                                                  Avg(ms)         Min         Max     Std Dev       Count

Performance Statistics   2017-05-05 12:00:00 - 2017-05-05 12:01:00
Tag                                                  Avg(ms)         Min         Max     Std Dev       Count

Performance Statistics   2017-05-05 12:01:00 - 2017-05-05 12:02:00
Tag                                                  Avg(ms)         Min         Max     Std Dev       Count

Performance Statistics   2017-05-05 12:02:00 - 2017-05-05 12:03:00
Tag                                                  Avg(ms)         Min         Max     Std Dev       Count

Performance Statistics   2017-05-05 12:03:00 - 2017-05-05 12:04:00
Tag                                                  Avg(ms)         Min         Max     Std Dev       Count

Performance Statistics   2017-05-05 12:04:00 - 2017-05-05 12:05:00
Tag                                                  Avg(ms)         Min         Max     Std Dev       Count

Performance Statistics   2017-05-05 12:05:00 - 2017-05-05 12:06:00
Tag                                                  Avg(ms)         Min         Max     Std Dev       Count

Performance Statistics   2017-05-05 12:06:00 - 2017-05-05 12:07:00
Tag                                                  Avg(ms)         Min         Max     Std Dev       Count

Performance Statistics   2017-05-05 12:07:00 - 2017-05-05 12:08:00
Tag                                                  Avg(ms)         Min         Max     Std Dev       Count

Performance Statistics   2017-05-05 12:08:00 - 2017-05-05 12:09:00
Tag                                                  Avg(ms)         Min         Max     Std Dev       Count

Performance Statistics   2017-05-05 12:09:00 - 2017-05-05 12:10:00
Tag                                                  Avg(ms)         Min         Max     Std Dev       Count

Performance Statistics   2017-05-05 12:10:00 - 2017-05-05 12:11:00
Tag                                                  Avg(ms)         Min         Max     Std Dev       Count

Performance Statistics   2017-05-05 12:11:00 - 2017-05-05 12:12:00
Tag                                                  Avg(ms)         Min         Max     Std Dev       Count

Performance Statistics   2017-05-05 12:12:00 - 2017-05-05 12:13:00
Tag                                                  Avg(ms)         Min         Max     Std Dev       Count

Performance Statistics   2017-05-05 12:13:00 - 2017-05-05 12:14:00
Tag                                                  Avg(ms)         Min         Max     Std Dev       Count

Performance Statistics   2017-05-05 12:14:00 - 2017-05-05 12:15:00
Tag                                                  Avg(ms)         Min         Max     Std Dev       Count

Performance Statistics   2017-05-05 12:15:00 - 2017-05-05 12:16:00
Tag                                                  Avg(ms)         Min         Max     Std Dev       Count

Performance Statistics   2017-05-05 12:16:00 - 2017-05-05 12:17:00
Tag                                                  Avg(ms)         Min         Max     Std Dev       Count

Performance Statistics   2017-05-05 12:17:00 - 2017-05-05 12:18:00
Tag                                                  Avg(ms)         Min         Max     Std Dev       Count

Performance Statistics   2017-05-05 12:18:00 - 2017-05-05 12:19:00
Tag                                                  Avg(ms)         Min         Max     Std Dev       Count

Performance Statistics   2017-05-05 12:19:00 - 2017-05-05 12:20:00
Tag                                                  Avg(ms)         Min         Max     Std Dev       Count

Performance Statistics   2017-05-05 12:20:00 - 2017-05-05 12:21:00
Tag                                                  Avg(ms)         Min         Max     Std Dev       Count

Performance Statistics   2017-05-05 12:21:00 - 2017-05-05 12:22:00
Tag                                                  Avg(ms)         Min         Max     Std Dev       Count

Performance Statistics   2017-05-05 12:22:00 - 2017-05-05 12:23:00
Tag                                                  Avg(ms)         Min         Max     Std Dev       Count

Performance Statistics   2017-05-05 12:23:00 - 2017-05-05 12:24:00
Tag                                                  Avg(ms)         Min         Max     Std Dev       Count

Performance Statistics   2017-05-05 12:24:00 - 2017-05-05 12:25:00
Tag                                                  Avg(ms)         Min         Max     Std Dev       Count

Performance Statistics   2017-05-05 12:25:00 - 2017-05-05 12:26:00
Tag                                                  Avg(ms)         Min         Max     Std Dev       Count

Performance Statistics   2017-05-05 12:26:00 - 2017-05-05 12:27:00
Tag                                                  Avg(ms)         Min         Max     Std Dev       Count

Performance Statistics   2017-05-05 12:27:00 - 2017-05-05 12:28:00
Tag                                                  Avg(ms)         Min         Max     Std Dev       Count

Performance Statistics   2017-05-05 12:28:00 - 2017-05-05 12:29:00
Tag                                                  Avg(ms)         Min         Max     Std Dev       Count

Performance Statistics   2017-05-05 12:29:00 - 2017-05-05 12:30:00
Tag                                                  Avg(ms)         Min         Max     Std Dev       Count

Performance Statistics   2017-05-05 12:30:00 - 2017-05-05 12:31:00
Tag                                                  Avg(ms)         Min         Max     Std Dev       Count

Performance Statistics   2017-05-05 12:31:00 - 2017-05-05 12:32:00
Tag                                                  Avg(ms)         Min         Max     Std Dev       Count

Performance Statistics   2017-05-05 12:32:00 - 2017-05-05 12:33:00
Tag                                                  Avg(ms)         Min         Max     Std Dev       Count

Performance Statistics   2017-05-05 12:33:00 - 2017-05-05 12:34:00
Tag                                                  Avg(ms)         Min         Max     Std Dev       Count

Performance Statistics   2017-05-05 12:34:00 - 2017-05-05 12:35:00
Tag                                                  Avg(ms)         Min         Max     Std Dev       Count

Performance Statistics   2017-05-05 12:35:00 - 2017-05-05 12:36:00
Tag                                                  Avg(ms)         Min         Max     Std Dev       Count

Performance Statistics   2017-05-05 12:36:00 - 2017-05-05 12:37:00
Tag                                                  Avg(ms)         Min         Max     Std Dev       Count

Performance Statistics   2017-05-05 12:37:00 - 2017-05-05 12:38:00
Tag                                                  Avg(ms)         Min         Max     Std Dev       Count

Performance Statistics   2017-05-05 12:38:00 - 2017-05-05 12:39:00
Tag                                                  Avg(ms)         Min         Max     Std Dev       Count

Performance Statistics   2017-05-05 12:39:00 - 2017-05-05 12:40:00
Tag                                                  Avg(ms)         Min         Max     Std Dev       Count

Performance Statistics   2017-05-05 12:40:00 - 2017-05-05 12:41:00
Tag                                                  Avg(ms)         Min         Max     Std Dev       Count

Performance Statistics   2017-05-05 12:41:00 - 2017-05-05 12:42:00
Tag                                                  Avg(ms)         Min         Max     Std Dev       Count

Performance Statistics   2017-05-05 12:42:00 - 2017-05-05 12:43:00
Tag                                                  Avg(ms)         Min         Max     Std Dev       Count

Performance Statistics   2017-05-05 12:43:00 - 2017-05-05 12:44:00
Tag                                                  Avg(ms)         Min         Max     Std Dev       Count

Performance Statistics   2017-05-05 12:44:00 - 2017-05-05 12:45:00
Tag                                                  Avg(ms)         Min         Max     Std Dev       Count

Performance Statistics   2017-05-05 12:45:00 - 2017-05-05 12:46:00
Tag                                                  Avg(ms)         Min         Max     Std Dev       Count

Performance Statistics   2017-05-05 12:46:00 - 2017-05-05 12:47:00
Tag                                                  Avg(ms)         Min         Max     Std Dev       Count

Performance Statistics   2017-05-05 12:47:00 - 2017-05-05 12:48:00
Tag                                                  Avg(ms)         Min         Max     Std Dev       Count

Performance Statistics   2017-05-05 12:48:00 - 2017-05-05 12:49:00
Tag                                                  Avg(ms)         Min         Max     Std Dev       Count

Performance Statistics   2017-05-05 12:49:00 - 2017-05-05 12:50:00
Tag                                                  Avg(ms)         Min         Max     Std Dev       Count

Performance Statistics   2017-05-05 12:50:00 - 2017-05-05 12:51:00
Tag                                                  Avg(ms)         Min         Max     Std Dev       Count

Performance Statistics   2017-05-05 12:51:00 - 2017-05-05 12:52:00
Tag                                                  Avg(ms)         Min         Max     Std Dev       Count

Performance Statistics   2017-05-05 12:52:00 - 2017-05-05 12:53:00
Tag                                                  Avg(ms)         Min         Max     Std Dev       Count

Performance Statistics   2017-05-05 12:53:00 - 2017-05-05 12:54:00
Tag                                                  Avg(ms)         Min         Max     Std Dev       Count

Performance Statistics   2017-05-05 12:54:00 - 2017-05-05 12:55:00
Tag                                                  Avg(ms)         Min         Max     Std Dev       Count

Performance Statistics   2017-05-05 12:55:00 - 2017-05-05 12:56:00
Tag                                                  Avg(ms)         Min         Max     Std Dev       Count

Performance Statistics   2017-05-05 12:56:00 - 2017-05-05 12:57:00
Tag                                                  Avg(ms)         Min         Max     Std Dev       Count

Performance Statistics   2017-05-05 12:57:00 - 2017-05-05 12:58:00
Tag                                                  Avg(ms)         Min         Max     Std Dev       Count

Performance Statistics   2017-05-05 12:58:00 - 2017-05-05 12:59:00
Tag                                                  Avg(ms)         Min         Max     Std Dev       Count

Performance Statistics   2017-05-05 12:59:00 - 2017-05-05 13:00:00
Tag                                                  Avg(ms)         Min         Max     Std Dev       Count

Performance Statistics   2017-05-05 13:00:00 - 2017-05-05 13:01:00
Tag                                                  Avg(ms)         Min         Max     Std Dev       Count

Performance Statistics   2017-05-05 13:01:00 - 2017-05-05 13:02:00
Tag                                                  Avg(ms)         Min         Max     Std Dev       Count

Performance Statistics   2017-05-05 13:02:00 - 2017-05-05 13:03:00
Tag                                                  Avg(ms)         Min         Max     Std Dev       Count

Performance Statistics   2017-05-05 13:03:00 - 2017-05-05 13:04:00
Tag                                                  Avg(ms)         Min         Max     Std Dev       Count

Performance Statistics   2017-05-05 13:04:00 - 2017-05-05 13:05:00
Tag                                                  Avg(ms)         Min         Max     Std Dev       Count

Performance Statistics   2017-05-05 13:05:00 - 2017-05-05 13:06:00
Tag                                                  Avg(ms)         Min         Max     Std Dev       Count

Performance Statistics   2017-05-05 13:06:00 - 2017-05-05 13:07:00
Tag                                                  Avg(ms)         Min         Max     Std Dev       Count

Performance Statistics   2017-05-05 13:07:00 - 2017-05-05 13:08:00
Tag                                                  Avg(ms)         Min         Max     Std Dev       Count

Performance Statistics   2017-05-05 13:08:00 - 2017-05-05 13:09:00
Tag                                                  Avg(ms)         Min         Max     Std Dev       Count

Performance Statistics   2017-05-05 13:09:00 - 2017-05-05 13:10:00
Tag                                                  Avg(ms)         Min         Max     Std Dev       Count

Performance Statistics   2017-05-05 13:10:00 - 2017-05-05 13:11:00
Tag                                                  Avg(ms)         Min         Max     Std Dev       Count

Performance Statistics   2017-05-05 13:11:00 - 2017-05-05 13:12:00
Tag                                                  Avg(ms)         Min         Max     Std Dev       Count

Performance Statistics   2017-05-05 13:12:00 - 2017-05-05 13:13:00
Tag                                                  Avg(ms)         Min         Max     Std Dev       Count

Performance Statistics   2017-05-05 13:13:00 - 2017-05-05 13:14:00
Tag                                                  Avg(ms)         Min         Max     Std Dev       Count

Performance Statistics   2017-05-05 13:14:00 - 2017-05-05 13:15:00
Tag                                                  Avg(ms)         Min         Max     Std Dev       Count

Performance Statistics   2017-05-05 13:15:00 - 2017-05-05 13:16:00
Tag                                                  Avg(ms)         Min         Max     Std Dev       Count

Performance Statistics   2017-05-05 13:16:00 - 2017-05-05 13:17:00
Tag                                                  Avg(ms)         Min         Max     Std Dev       Count

Performance Statistics   2017-05-05 13:17:00 - 2017-05-05 13:18:00
Tag                                                  Avg(ms)         Min         Max     Std Dev       Count

Performance Statistics   2017-05-05 13:18:00 - 2017-05-05 13:19:00
Tag                                                  Avg(ms)         Min         Max     Std Dev       Count

Performance Statistics   2017-05-05 13:19:00 - 2017-05-05 13:20:00
Tag                                                  Avg(ms)         Min         Max     Std Dev       Count

Performance Statistics   2017-05-05 13:20:00 - 2017-05-05 13:21:00
Tag                                                  Avg(ms)         Min         Max     Std Dev       Count

Performance Statistics   2017-05-05 13:21:00 - 2017-05-05 13:22:00
Tag                                                  Avg(ms)         Min         Max     Std Dev       Count

Performance Statistics   2017-05-05 13:22:00 - 2017-05-05 13:23:00
Tag                                                  Avg(ms)         Min         Max     Std Dev       Count

Performance Statistics   2017-05-05 13:23:00 - 2017-05-05 13:24:00
Tag                                                  Avg(ms)         Min         Max     Std Dev       Count

Performance Statistics   2017-05-05 13:24:00 - 2017-05-05 13:25:00
Tag                                                  Avg(ms)         Min         Max     Std Dev       Count

Performance Statistics   2017-05-05 13:25:00 - 2017-05-05 13:26:00
Tag                                                  Avg(ms)         Min         Max     Std Dev       Count

Performance Statistics   2017-06-17 20:02:00 - 2017-06-17 20:03:00
Tag                                                  Avg(ms)         Min         Max     Std Dev       Count

Performance Statistics   2017-06-17 20:09:00 - 2017-06-17 20:10:00
Tag                                                  Avg(ms)         Min         Max     Std Dev       Count
AUTHENTICATE                                           180.0         180         180         0.0           1
CREATE_TICKET_GRANTING_TICKET                          192.0         192         192         0.0           1
GRANT_SERVICE_TICKET                                     8.0           8           8         0.0           1

Performance Statistics   2017-06-17 20:12:00 - 2017-06-17 20:13:00
Tag                                                  Avg(ms)         Min         Max     Std Dev       Count

Performance Statistics   2017-06-17 20:13:00 - 2017-06-17 20:14:00
Tag                                                  Avg(ms)         Min         Max     Std Dev       Count
AUTHENTICATE                                            90.0          90          90         0.0           1
CREATE_TICKET_GRANTING_TICKET                          103.0         103         103         0.0           1
DESTROY_TICKET_GRANTING_TICKET                           0.0           0           0         0.0           1
GRANT_SERVICE_TICKET                                     6.0           2          11         3.7           6

Performance Statistics   2017-06-17 20:14:00 - 2017-06-17 20:15:00
Tag                                                  Avg(ms)         Min         Max     Std Dev       Count

Performance Statistics   2017-06-17 20:15:00 - 2017-06-17 20:16:00
Tag                                                  Avg(ms)         Min         Max     Std Dev       Count

Performance Statistics   2017-06-17 20:16:00 - 2017-06-17 20:17:00
Tag                                                  Avg(ms)         Min         Max     Std Dev       Count
GRANT_SERVICE_TICKET                                    16.0           9          23         7.0           2
VALIDATE_SERVICE_TICKET                                  9.5           2          17         7.5           2

Performance Statistics   2017-06-17 20:17:00 - 2017-06-17 20:18:00
Tag                                                  Avg(ms)         Min         Max     Std Dev       Count

Performance Statistics   2017-06-17 20:18:00 - 2017-06-17 20:19:00
Tag                                                  Avg(ms)         Min         Max     Std Dev       Count

Performance Statistics   2017-06-17 20:19:00 - 2017-06-17 20:20:00
Tag                                                  Avg(ms)         Min         Max     Std Dev       Count

Performance Statistics   2017-06-17 20:20:00 - 2017-06-17 20:21:00
Tag                                                  Avg(ms)         Min         Max     Std Dev       Count

Performance Statistics   2017-06-17 20:21:00 - 2017-06-17 20:22:00
Tag                                                  Avg(ms)         Min         Max     Std Dev       Count

Performance Statistics   2017-06-17 20:22:00 - 2017-06-17 20:23:00
Tag                                                  Avg(ms)         Min         Max     Std Dev       Count

Performance Statistics   2017-06-17 20:23:00 - 2017-06-17 20:24:00
Tag                                                  Avg(ms)         Min         Max     Std Dev       Count

Performance Statistics   2017-06-17 20:24:00 - 2017-06-17 20:25:00
Tag                                                  Avg(ms)         Min         Max     Std Dev       Count

Performance Statistics   2017-06-17 20:25:00 - 2017-06-17 20:26:00
Tag                                                  Avg(ms)         Min         Max     Std Dev       Count

Performance Statistics   2017-06-17 20:26:00 - 2017-06-17 20:27:00
Tag                                                  Avg(ms)         Min         Max     Std Dev       Count

Performance Statistics   2017-06-17 20:27:00 - 2017-06-17 20:28:00
Tag                                                  Avg(ms)         Min         Max     Std Dev       Count

Performance Statistics   2017-06-17 20:28:00 - 2017-06-17 20:29:00
Tag                                                  Avg(ms)         Min         Max     Std Dev       Count

Performance Statistics   2017-06-17 20:29:00 - 2017-06-17 20:30:00
Tag                                                  Avg(ms)         Min         Max     Std Dev       Count

Performance Statistics   2017-06-17 20:30:00 - 2017-06-17 20:31:00
Tag                                                  Avg(ms)         Min         Max     Std Dev       Count

Performance Statistics   2017-06-17 20:31:00 - 2017-06-17 20:32:00
Tag                                                  Avg(ms)         Min         Max     Std Dev       Count

Performance Statistics   2017-06-17 20:32:00 - 2017-06-17 20:33:00
Tag                                                  Avg(ms)         Min         Max     Std Dev       Count

Performance Statistics   2017-06-17 20:33:00 - 2017-06-17 20:34:00
Tag                                                  Avg(ms)         Min         Max     Std Dev       Count

Performance Statistics   2017-06-17 20:34:00 - 2017-06-17 20:35:00
Tag                                                  Avg(ms)         Min         Max     Std Dev       Count

Performance Statistics   2017-06-17 20:35:00 - 2017-06-17 20:36:00
Tag                                                  Avg(ms)         Min         Max     Std Dev       Count

Performance Statistics   2017-06-17 20:36:00 - 2017-06-17 20:37:00
Tag                                                  Avg(ms)         Min         Max     Std Dev       Count

Performance Statistics   2017-06-17 20:37:00 - 2017-06-17 20:38:00
Tag                                                  Avg(ms)         Min         Max     Std Dev       Count

Performance Statistics   2017-06-17 20:38:00 - 2017-06-17 20:39:00
Tag                                                  Avg(ms)         Min         Max     Std Dev       Count

Performance Statistics   2017-06-17 20:39:00 - 2017-06-17 20:40:00
Tag                                                  Avg(ms)         Min         Max     Std Dev       Count

Performance Statistics   2017-06-17 20:40:00 - 2017-06-17 20:41:00
Tag                                                  Avg(ms)         Min         Max     Std Dev       Count

Performance Statistics   2017-06-17 20:41:00 - 2017-06-17 20:42:00
Tag                                                  Avg(ms)         Min         Max     Std Dev       Count

Performance Statistics   2017-06-17 20:42:00 - 2017-06-17 20:43:00
Tag                                                  Avg(ms)         Min         Max     Std Dev       Count

Performance Statistics   2017-06-17 20:43:00 - 2017-06-17 20:44:00
Tag                                                  Avg(ms)         Min         Max     Std Dev       Count

Performance Statistics   2017-06-17 20:44:00 - 2017-06-17 20:45:00
Tag                                                  Avg(ms)         Min         Max     Std Dev       Count

Performance Statistics   2017-06-17 20:45:00 - 2017-06-17 20:46:00
Tag                                                  Avg(ms)         Min         Max     Std Dev       Count

Performance Statistics   2017-06-17 20:46:00 - 2017-06-17 20:47:00
Tag                                                  Avg(ms)         Min         Max     Std Dev       Count

Performance Statistics   2017-06-17 20:47:00 - 2017-06-17 20:48:00
Tag                                                  Avg(ms)         Min         Max     Std Dev       Count

Performance Statistics   2017-06-17 20:48:00 - 2017-06-17 20:49:00
Tag                                                  Avg(ms)         Min         Max     Std Dev       Count

Performance Statistics   2017-06-17 20:49:00 - 2017-06-17 20:50:00
Tag                                                  Avg(ms)         Min         Max     Std Dev       Count

Performance Statistics   2017-06-17 20:50:00 - 2017-06-17 20:51:00
Tag                                                  Avg(ms)         Min         Max     Std Dev       Count

Performance Statistics   2017-06-17 20:51:00 - 2017-06-17 20:52:00
Tag                                                  Avg(ms)         Min         Max     Std Dev       Count

Performance Statistics   2017-06-17 20:52:00 - 2017-06-17 20:53:00
Tag                                                  Avg(ms)         Min         Max     Std Dev       Count

Performance Statistics   2017-06-17 20:53:00 - 2017-06-17 20:54:00
Tag                                                  Avg(ms)         Min         Max     Std Dev       Count

Performance Statistics   2017-06-17 20:54:00 - 2017-06-17 20:55:00
Tag                                                  Avg(ms)         Min         Max     Std Dev       Count

Performance Statistics   2017-06-17 20:55:00 - 2017-06-17 20:56:00
Tag                                                  Avg(ms)         Min         Max     Std Dev       Count

Performance Statistics   2017-06-17 20:56:00 - 2017-06-17 20:57:00
Tag                                                  Avg(ms)         Min         Max     Std Dev       Count

Performance Statistics   2017-06-17 20:57:00 - 2017-06-17 20:58:00
Tag                                                  Avg(ms)         Min         Max     Std Dev       Count

Performance Statistics   2017-06-17 20:58:00 - 2017-06-17 20:59:00
Tag                                                  Avg(ms)         Min         Max     Std Dev       Count

Performance Statistics   2017-06-17 20:59:00 - 2017-06-17 21:00:00
Tag                                                  Avg(ms)         Min         Max     Std Dev       Count

Performance Statistics   2017-06-17 21:00:00 - 2017-06-17 21:01:00
Tag                                                  Avg(ms)         Min         Max     Std Dev       Count

Performance Statistics   2017-06-17 21:01:00 - 2017-06-17 21:02:00
Tag                                                  Avg(ms)         Min         Max     Std Dev       Count

Performance Statistics   2017-06-17 21:02:00 - 2017-06-17 21:03:00
Tag                                                  Avg(ms)         Min         Max     Std Dev       Count

Performance Statistics   2017-06-17 21:03:00 - 2017-06-17 21:04:00
Tag                                                  Avg(ms)         Min         Max     Std Dev       Count

Performance Statistics   2017-06-17 21:04:00 - 2017-06-17 21:05:00
Tag                                                  Avg(ms)         Min         Max     Std Dev       Count

Performance Statistics   2017-06-17 21:05:00 - 2017-06-17 21:06:00
Tag                                                  Avg(ms)         Min         Max     Std Dev       Count

Performance Statistics   2017-06-17 21:06:00 - 2017-06-17 21:07:00
Tag                                                  Avg(ms)         Min         Max     Std Dev       Count

Performance Statistics   2017-06-17 21:07:00 - 2017-06-17 21:08:00
Tag                                                  Avg(ms)         Min         Max     Std Dev       Count

Performance Statistics   2017-06-17 21:08:00 - 2017-06-17 21:09:00
Tag                                                  Avg(ms)         Min         Max     Std Dev       Count

Performance Statistics   2017-06-17 21:09:00 - 2017-06-17 21:10:00
Tag                                                  Avg(ms)         Min         Max     Std Dev       Count

Performance Statistics   2017-06-17 21:10:00 - 2017-06-17 21:11:00
Tag                                                  Avg(ms)         Min         Max     Std Dev       Count

Performance Statistics   2017-06-17 21:11:00 - 2017-06-17 21:12:00
Tag                                                  Avg(ms)         Min         Max     Std Dev       Count

Performance Statistics   2017-06-17 21:12:00 - 2017-06-17 21:13:00
Tag                                                  Avg(ms)         Min         Max     Std Dev       Count

Performance Statistics   2017-06-17 21:13:00 - 2017-06-17 21:14:00
Tag                                                  Avg(ms)         Min         Max     Std Dev       Count

Performance Statistics   2017-06-17 21:14:00 - 2017-06-17 21:15:00
Tag                                                  Avg(ms)         Min         Max     Std Dev       Count

Performance Statistics   2017-06-17 21:15:00 - 2017-06-17 21:16:00
Tag                                                  Avg(ms)         Min         Max     Std Dev       Count

Performance Statistics   2017-06-17 21:16:00 - 2017-06-17 21:17:00
Tag                                                  Avg(ms)         Min         Max     Std Dev       Count

Performance Statistics   2017-06-17 21:17:00 - 2017-06-17 21:18:00
Tag                                                  Avg(ms)         Min         Max     Std Dev       Count

Performance Statistics   2017-06-17 21:18:00 - 2017-06-17 21:19:00
Tag                                                  Avg(ms)         Min         Max     Std Dev       Count

Performance Statistics   2017-06-17 21:19:00 - 2017-06-17 21:20:00
Tag                                                  Avg(ms)         Min         Max     Std Dev       Count

Performance Statistics   2017-06-17 21:20:00 - 2017-06-17 21:21:00
Tag                                                  Avg(ms)         Min         Max     Std Dev       Count

Performance Statistics   2017-06-17 21:21:00 - 2017-06-17 21:22:00
Tag                                                  Avg(ms)         Min         Max     Std Dev       Count

Performance Statistics   2017-06-17 21:22:00 - 2017-06-17 21:23:00
Tag                                                  Avg(ms)         Min         Max     Std Dev       Count

Performance Statistics   2017-06-17 21:23:00 - 2017-06-17 21:24:00
Tag                                                  Avg(ms)         Min         Max     Std Dev       Count

Performance Statistics   2017-06-17 21:24:00 - 2017-06-17 21:25:00
Tag                                                  Avg(ms)         Min         Max     Std Dev       Count

Performance Statistics   2017-06-17 21:25:00 - 2017-06-17 21:26:00
Tag                                                  Avg(ms)         Min         Max     Std Dev       Count

Performance Statistics   2017-06-17 21:26:00 - 2017-06-17 21:27:00
Tag                                                  Avg(ms)         Min         Max     Std Dev       Count

Performance Statistics   2017-06-17 21:27:00 - 2017-06-17 21:28:00
Tag                                                  Avg(ms)         Min         Max     Std Dev       Count

Performance Statistics   2017-06-17 21:28:00 - 2017-06-17 21:29:00
Tag                                                  Avg(ms)         Min         Max     Std Dev       Count

Performance Statistics   2017-06-17 21:29:00 - 2017-06-17 21:30:00
Tag                                                  Avg(ms)         Min         Max     Std Dev       Count

Performance Statistics   2017-06-17 21:30:00 - 2017-06-17 21:31:00
Tag                                                  Avg(ms)         Min         Max     Std Dev       Count

Performance Statistics   2017-06-17 21:31:00 - 2017-06-17 21:32:00
Tag                                                  Avg(ms)         Min         Max     Std Dev       Count

Performance Statistics   2017-06-17 21:32:00 - 2017-06-17 21:33:00
Tag                                                  Avg(ms)         Min         Max     Std Dev       Count

Performance Statistics   2017-06-17 21:33:00 - 2017-06-17 21:34:00
Tag                                                  Avg(ms)         Min         Max     Std Dev       Count

Performance Statistics   2017-06-17 21:34:00 - 2017-06-17 21:35:00
Tag                                                  Avg(ms)         Min         Max     Std Dev       Count

Performance Statistics   2017-06-17 21:35:00 - 2017-06-17 21:36:00
Tag                                                  Avg(ms)         Min         Max     Std Dev       Count

Performance Statistics   2017-06-17 21:36:00 - 2017-06-17 21:37:00
Tag                                                  Avg(ms)         Min         Max     Std Dev       Count

Performance Statistics   2017-06-17 21:37:00 - 2017-06-17 21:38:00
Tag                                                  Avg(ms)         Min         Max     Std Dev       Count

Performance Statistics   2017-06-17 21:38:00 - 2017-06-17 21:39:00
Tag                                                  Avg(ms)         Min         Max     Std Dev       Count

Performance Statistics   2017-06-17 21:39:00 - 2017-06-17 21:40:00
Tag                                                  Avg(ms)         Min         Max     Std Dev       Count

Performance Statistics   2017-06-17 21:40:00 - 2017-06-17 21:41:00
Tag                                                  Avg(ms)         Min         Max     Std Dev       Count

Performance Statistics   2017-06-17 21:41:00 - 2017-06-17 21:42:00
Tag                                                  Avg(ms)         Min         Max     Std Dev       Count

Performance Statistics   2017-06-17 21:42:00 - 2017-06-17 21:43:00
Tag                                                  Avg(ms)         Min         Max     Std Dev       Count

Performance Statistics   2017-06-17 21:43:00 - 2017-06-17 21:44:00
Tag                                                  Avg(ms)         Min         Max     Std Dev       Count

Performance Statistics   2017-06-17 21:44:00 - 2017-06-17 21:45:00
Tag                                                  Avg(ms)         Min         Max     Std Dev       Count

Performance Statistics   2017-06-17 21:45:00 - 2017-06-17 21:46:00
Tag                                                  Avg(ms)         Min         Max     Std Dev       Count

Performance Statistics   2017-06-17 21:46:00 - 2017-06-17 21:47:00
Tag                                                  Avg(ms)         Min         Max     Std Dev       Count

Performance Statistics   2017-06-17 21:47:00 - 2017-06-17 21:48:00
Tag                                                  Avg(ms)         Min         Max     Std Dev       Count

Performance Statistics   2017-06-17 21:48:00 - 2017-06-17 21:49:00
Tag                                                  Avg(ms)         Min         Max     Std Dev       Count

Performance Statistics   2017-06-17 21:49:00 - 2017-06-17 21:50:00
Tag                                                  Avg(ms)         Min         Max     Std Dev       Count

Performance Statistics   2017-06-17 21:50:00 - 2017-06-17 21:51:00
Tag                                                  Avg(ms)         Min         Max     Std Dev       Count

Performance Statistics   2017-06-17 21:51:00 - 2017-06-17 21:52:00
Tag                                                  Avg(ms)         Min         Max     Std Dev       Count

Performance Statistics   2017-06-17 21:52:00 - 2017-06-17 21:53:00
Tag                                                  Avg(ms)         Min         Max     Std Dev       Count

Performance Statistics   2017-06-17 21:53:00 - 2017-06-17 21:54:00
Tag                                                  Avg(ms)         Min         Max     Std Dev       Count

Performance Statistics   2017-06-17 21:54:00 - 2017-06-17 21:55:00
Tag                                                  Avg(ms)         Min         Max     Std Dev       Count

Performance Statistics   2017-06-17 21:55:00 - 2017-06-17 21:56:00
Tag                                                  Avg(ms)         Min         Max     Std Dev       Count

Performance Statistics   2017-06-17 21:56:00 - 2017-06-17 21:57:00
Tag                                                  Avg(ms)         Min         Max     Std Dev       Count

Performance Statistics   2017-06-17 21:57:00 - 2017-06-17 21:58:00
Tag                                                  Avg(ms)         Min         Max     Std Dev       Count

Performance Statistics   2017-06-17 21:58:00 - 2017-06-17 21:59:00
Tag                                                  Avg(ms)         Min         Max     Std Dev       Count

Performance Statistics   2017-06-17 21:59:00 - 2017-06-17 22:00:00
Tag                                                  Avg(ms)         Min         Max     Std Dev       Count

Performance Statistics   2017-06-17 22:00:00 - 2017-06-17 22:01:00
Tag                                                  Avg(ms)         Min         Max     Std Dev       Count

Performance Statistics   2017-06-17 22:01:00 - 2017-06-17 22:02:00
Tag                                                  Avg(ms)         Min         Max     Std Dev       Count

Performance Statistics   2017-06-17 22:02:00 - 2017-06-17 22:03:00
Tag                                                  Avg(ms)         Min         Max     Std Dev       Count

Performance Statistics   2017-06-17 22:03:00 - 2017-06-17 22:04:00
Tag                                                  Avg(ms)         Min         Max     Std Dev       Count

Performance Statistics   2017-06-17 22:04:00 - 2017-06-17 22:05:00
Tag                                                  Avg(ms)         Min         Max     Std Dev       Count

Performance Statistics   2017-06-17 22:05:00 - 2017-06-17 22:06:00
Tag                                                  Avg(ms)         Min         Max     Std Dev       Count

Performance Statistics   2017-06-17 22:06:00 - 2017-06-17 22:07:00
Tag                                                  Avg(ms)         Min         Max     Std Dev       Count

Performance Statistics   2017-06-17 22:07:00 - 2017-06-17 22:08:00
Tag                                                  Avg(ms)         Min         Max     Std Dev       Count

Performance Statistics   2017-06-17 22:08:00 - 2017-06-17 22:09:00
Tag                                                  Avg(ms)         Min         Max     Std Dev       Count

Performance Statistics   2017-06-17 22:09:00 - 2017-06-17 22:10:00
Tag                                                  Avg(ms)         Min         Max     Std Dev       Count

Performance Statistics   2017-06-17 22:10:00 - 2017-06-17 22:11:00
Tag                                                  Avg(ms)         Min         Max     Std Dev       Count

Performance Statistics   2017-06-17 22:11:00 - 2017-06-17 22:12:00
Tag                                                  Avg(ms)         Min         Max     Std Dev       Count

Performance Statistics   2017-06-17 22:12:00 - 2017-06-17 22:13:00
Tag                                                  Avg(ms)         Min         Max     Std Dev       Count

Performance Statistics   2017-06-17 22:13:00 - 2017-06-17 22:14:00
Tag                                                  Avg(ms)         Min         Max     Std Dev       Count

Performance Statistics   2017-06-17 22:14:00 - 2017-06-17 22:15:00
Tag                                                  Avg(ms)         Min         Max     Std Dev       Count

Performance Statistics   2017-06-17 22:15:00 - 2017-06-17 22:16:00
Tag                                                  Avg(ms)         Min         Max     Std Dev       Count

Performance Statistics   2017-06-17 22:16:00 - 2017-06-17 22:17:00
Tag                                                  Avg(ms)         Min         Max     Std Dev       Count

Performance Statistics   2017-06-17 22:17:00 - 2017-06-17 22:18:00
Tag                                                  Avg(ms)         Min         Max     Std Dev       Count

Performance Statistics   2017-06-17 22:18:00 - 2017-06-17 22:19:00
Tag                                                  Avg(ms)         Min         Max     Std Dev       Count

Performance Statistics   2017-06-17 22:19:00 - 2017-06-17 22:20:00
Tag                                                  Avg(ms)         Min         Max     Std Dev       Count

Performance Statistics   2017-06-17 22:20:00 - 2017-06-17 22:21:00
Tag                                                  Avg(ms)         Min         Max     Std Dev       Count

Performance Statistics   2017-06-17 22:21:00 - 2017-06-17 22:22:00
Tag                                                  Avg(ms)         Min         Max     Std Dev       Count

Performance Statistics   2017-06-17 22:22:00 - 2017-06-17 22:23:00
Tag                                                  Avg(ms)         Min         Max     Std Dev       Count

Performance Statistics   2017-06-17 22:23:00 - 2017-06-17 22:24:00
Tag                                                  Avg(ms)         Min         Max     Std Dev       Count

Performance Statistics   2017-06-17 22:24:00 - 2017-06-17 22:25:00
Tag                                                  Avg(ms)         Min         Max     Std Dev       Count

Performance Statistics   2017-06-17 22:25:00 - 2017-06-17 22:26:00
Tag                                                  Avg(ms)         Min         Max     Std Dev       Count

Performance Statistics   2017-06-17 22:26:00 - 2017-06-17 22:27:00
Tag                                                  Avg(ms)         Min         Max     Std Dev       Count

Performance Statistics   2017-06-17 22:27:00 - 2017-06-17 22:28:00
Tag                                                  Avg(ms)         Min         Max     Std Dev       Count

Performance Statistics   2017-06-17 22:28:00 - 2017-06-17 22:29:00
Tag                                                  Avg(ms)         Min         Max     Std Dev       Count

Performance Statistics   2017-06-17 22:29:00 - 2017-06-17 22:30:00
Tag                                                  Avg(ms)         Min         Max     Std Dev       Count

Performance Statistics   2017-06-17 22:30:00 - 2017-06-17 22:31:00
Tag                                                  Avg(ms)         Min         Max     Std Dev       Count

Performance Statistics   2017-06-17 22:31:00 - 2017-06-17 22:32:00
Tag                                                  Avg(ms)         Min         Max     Std Dev       Count

Performance Statistics   2017-06-17 22:32:00 - 2017-06-17 22:33:00
Tag                                                  Avg(ms)         Min         Max     Std Dev       Count

Performance Statistics   2017-06-17 22:33:00 - 2017-06-17 22:34:00
Tag                                                  Avg(ms)         Min         Max     Std Dev       Count

Performance Statistics   2017-06-17 22:34:00 - 2017-06-17 22:35:00
Tag                                                  Avg(ms)         Min         Max     Std Dev       Count

Performance Statistics   2017-06-17 22:35:00 - 2017-06-17 22:36:00
Tag                                                  Avg(ms)         Min         Max     Std Dev       Count

Performance Statistics   2017-06-17 22:36:00 - 2017-06-17 22:37:00
Tag                                                  Avg(ms)         Min         Max     Std Dev       Count

Performance Statistics   2017-06-17 22:37:00 - 2017-06-17 22:38:00
Tag                                                  Avg(ms)         Min         Max     Std Dev       Count

Performance Statistics   2017-06-17 22:38:00 - 2017-06-17 22:39:00
Tag                                                  Avg(ms)         Min         Max     Std Dev       Count

Performance Statistics   2017-06-17 22:39:00 - 2017-06-17 22:40:00
Tag                                                  Avg(ms)         Min         Max     Std Dev       Count

Performance Statistics   2017-06-17 22:40:00 - 2017-06-17 22:41:00
Tag                                                  Avg(ms)         Min         Max     Std Dev       Count

Performance Statistics   2017-06-17 22:41:00 - 2017-06-17 22:42:00
Tag                                                  Avg(ms)         Min         Max     Std Dev       Count

Performance Statistics   2017-06-17 22:42:00 - 2017-06-17 22:43:00
Tag                                                  Avg(ms)         Min         Max     Std Dev       Count

Performance Statistics   2017-06-17 22:43:00 - 2017-06-17 22:44:00
Tag                                                  Avg(ms)         Min         Max     Std Dev       Count

Performance Statistics   2017-06-17 22:44:00 - 2017-06-17 22:45:00
Tag                                                  Avg(ms)         Min         Max     Std Dev       Count

Performance Statistics   2017-06-17 22:45:00 - 2017-06-17 22:46:00
Tag                                                  Avg(ms)         Min         Max     Std Dev       Count

Performance Statistics   2017-06-17 22:46:00 - 2017-06-17 22:47:00
Tag                                                  Avg(ms)         Min         Max     Std Dev       Count

Performance Statistics   2017-06-17 22:47:00 - 2017-06-17 22:48:00
Tag                                                  Avg(ms)         Min         Max     Std Dev       Count

Performance Statistics   2017-06-17 22:48:00 - 2017-06-17 22:49:00
Tag                                                  Avg(ms)         Min         Max     Std Dev       Count

Performance Statistics   2017-06-17 22:49:00 - 2017-06-17 22:50:00
Tag                                                  Avg(ms)         Min         Max     Std Dev       Count

Performance Statistics   2017-06-17 22:50:00 - 2017-06-17 22:51:00
Tag                                                  Avg(ms)         Min         Max     Std Dev       Count

Performance Statistics   2017-06-17 22:51:00 - 2017-06-17 22:52:00
Tag                                                  Avg(ms)         Min         Max     Std Dev       Count

Performance Statistics   2017-06-17 22:52:00 - 2017-06-17 22:53:00
Tag                                                  Avg(ms)         Min         Max     Std Dev       Count

Performance Statistics   2017-06-17 22:53:00 - 2017-06-17 22:54:00
Tag                                                  Avg(ms)         Min         Max     Std Dev       Count

Performance Statistics   2017-06-17 22:54:00 - 2017-06-17 22:55:00
Tag                                                  Avg(ms)         Min         Max     Std Dev       Count

Performance Statistics   2017-06-17 22:55:00 - 2017-06-17 22:56:00
Tag                                                  Avg(ms)         Min         Max     Std Dev       Count

Performance Statistics   2017-06-17 22:56:00 - 2017-06-17 22:57:00
Tag                                                  Avg(ms)         Min         Max     Std Dev       Count

Performance Statistics   2017-06-17 22:57:00 - 2017-06-17 22:58:00
Tag                                                  Avg(ms)         Min         Max     Std Dev       Count

Performance Statistics   2017-06-17 22:58:00 - 2017-06-17 22:59:00
Tag                                                  Avg(ms)         Min         Max     Std Dev       Count

Performance Statistics   2017-06-17 22:59:00 - 2017-06-17 23:00:00
Tag                                                  Avg(ms)         Min         Max     Std Dev       Count

Performance Statistics   2017-06-17 23:00:00 - 2017-06-17 23:01:00
Tag                                                  Avg(ms)         Min         Max     Std Dev       Count

Performance Statistics   2017-06-17 23:01:00 - 2017-06-17 23:02:00
Tag                                                  Avg(ms)         Min         Max     Std Dev       Count

Performance Statistics   2017-06-17 23:02:00 - 2017-06-17 23:03:00
Tag                                                  Avg(ms)         Min         Max     Std Dev       Count

Performance Statistics   2017-06-17 23:03:00 - 2017-06-17 23:04:00
Tag                                                  Avg(ms)         Min         Max     Std Dev       Count

Performance Statistics   2017-06-17 23:04:00 - 2017-06-17 23:05:00
Tag                                                  Avg(ms)         Min         Max     Std Dev       Count

Performance Statistics   2017-06-17 23:05:00 - 2017-06-17 23:06:00
Tag                                                  Avg(ms)         Min         Max     Std Dev       Count

Performance Statistics   2017-06-17 23:06:00 - 2017-06-17 23:07:00
Tag                                                  Avg(ms)         Min         Max     Std Dev       Count

Performance Statistics   2017-06-17 23:07:00 - 2017-06-17 23:08:00
Tag                                                  Avg(ms)         Min         Max     Std Dev       Count

Performance Statistics   2017-06-17 23:08:00 - 2017-06-17 23:09:00
Tag                                                  Avg(ms)         Min         Max     Std Dev       Count

Performance Statistics   2017-06-17 23:09:00 - 2017-06-17 23:10:00
Tag                                                  Avg(ms)         Min         Max     Std Dev       Count

Performance Statistics   2017-06-17 23:10:00 - 2017-06-17 23:11:00
Tag                                                  Avg(ms)         Min         Max     Std Dev       Count

Performance Statistics   2017-06-17 23:11:00 - 2017-06-17 23:12:00
Tag                                                  Avg(ms)         Min         Max     Std Dev       Count

Performance Statistics   2017-06-17 23:12:00 - 2017-06-17 23:13:00
Tag                                                  Avg(ms)         Min         Max     Std Dev       Count

Performance Statistics   2017-06-17 23:13:00 - 2017-06-17 23:14:00
Tag                                                  Avg(ms)         Min         Max     Std Dev       Count

Performance Statistics   2017-06-17 23:14:00 - 2017-06-17 23:15:00
Tag                                                  Avg(ms)         Min         Max     Std Dev       Count

Performance Statistics   2017-06-17 23:15:00 - 2017-06-17 23:16:00
Tag                                                  Avg(ms)         Min         Max     Std Dev       Count

Performance Statistics   2017-06-17 23:16:00 - 2017-06-17 23:17:00
Tag                                                  Avg(ms)         Min         Max     Std Dev       Count

Performance Statistics   2017-08-27 11:15:00 - 2017-08-27 11:16:00
Tag                                                  Avg(ms)         Min         Max     Std Dev       Count

Performance Statistics   2017-08-27 11:16:00 - 2017-08-27 11:17:00
Tag                                                  Avg(ms)         Min         Max     Std Dev       Count

Performance Statistics   2017-08-27 11:17:00 - 2017-08-27 11:18:00
Tag                                                  Avg(ms)         Min         Max     Std Dev       Count

Performance Statistics   2017-08-27 11:18:00 - 2017-08-27 11:19:00
Tag                                                  Avg(ms)         Min         Max     Std Dev       Count

Performance Statistics   2017-08-27 11:19:00 - 2017-08-27 11:20:00
Tag                                                  Avg(ms)         Min         Max     Std Dev       Count

Performance Statistics   2017-08-27 11:20:00 - 2017-08-27 11:21:00
Tag                                                  Avg(ms)         Min         Max     Std Dev       Count

Performance Statistics   2017-08-27 11:21:00 - 2017-08-27 11:22:00
Tag                                                  Avg(ms)         Min         Max     Std Dev       Count

Performance Statistics   2017-08-27 11:22:00 - 2017-08-27 11:23:00
Tag                                                  Avg(ms)         Min         Max     Std Dev       Count

Performance Statistics   2017-08-27 11:23:00 - 2017-08-27 11:24:00
Tag                                                  Avg(ms)         Min         Max     Std Dev       Count

Performance Statistics   2017-08-27 11:24:00 - 2017-08-27 11:25:00
Tag                                                  Avg(ms)         Min         Max     Std Dev       Count

Performance Statistics   2017-08-27 11:25:00 - 2017-08-27 11:26:00
Tag                                                  Avg(ms)         Min         Max     Std Dev       Count

Performance Statistics   2017-08-27 11:26:00 - 2017-08-27 11:27:00
Tag                                                  Avg(ms)         Min         Max     Std Dev       Count

Performance Statistics   2017-08-27 11:27:00 - 2017-08-27 11:28:00
Tag                                                  Avg(ms)         Min         Max     Std Dev       Count

Performance Statistics   2017-08-27 11:28:00 - 2017-08-27 11:29:00
Tag                                                  Avg(ms)         Min         Max     Std Dev       Count

Performance Statistics   2017-08-27 11:29:00 - 2017-08-27 11:30:00
Tag                                                  Avg(ms)         Min         Max     Std Dev       Count

Performance Statistics   2017-08-27 11:30:00 - 2017-08-27 11:31:00
Tag                                                  Avg(ms)         Min         Max     Std Dev       Count

Performance Statistics   2017-08-27 11:31:00 - 2017-08-27 11:32:00
Tag                                                  Avg(ms)         Min         Max     Std Dev       Count

Performance Statistics   2017-08-27 11:32:00 - 2017-08-27 11:33:00
Tag                                                  Avg(ms)         Min         Max     Std Dev       Count

Performance Statistics   2017-08-27 11:33:00 - 2017-08-27 11:34:00
Tag                                                  Avg(ms)         Min         Max     Std Dev       Count

Performance Statistics   2017-08-27 11:34:00 - 2017-08-27 11:35:00
Tag                                                  Avg(ms)         Min         Max     Std Dev       Count

Performance Statistics   2017-08-27 11:35:00 - 2017-08-27 11:36:00
Tag                                                  Avg(ms)         Min         Max     Std Dev       Count

Performance Statistics   2017-08-27 11:36:00 - 2017-08-27 11:37:00
Tag                                                  Avg(ms)         Min         Max     Std Dev       Count

Performance Statistics   2017-08-27 11:37:00 - 2017-08-27 11:38:00
Tag                                                  Avg(ms)         Min         Max     Std Dev       Count

Performance Statistics   2017-08-27 11:38:00 - 2017-08-27 11:39:00
Tag                                                  Avg(ms)         Min         Max     Std Dev       Count

Performance Statistics   2017-08-27 11:39:00 - 2017-08-27 11:40:00
Tag                                                  Avg(ms)         Min         Max     Std Dev       Count

Performance Statistics   2017-08-27 11:40:00 - 2017-08-27 11:41:00
Tag                                                  Avg(ms)         Min         Max     Std Dev       Count

Performance Statistics   2017-08-27 11:41:00 - 2017-08-27 11:42:00
Tag                                                  Avg(ms)         Min         Max     Std Dev       Count

Performance Statistics   2017-08-27 11:42:00 - 2017-08-27 11:43:00
Tag                                                  Avg(ms)         Min         Max     Std Dev       Count

Performance Statistics   2017-08-27 11:43:00 - 2017-08-27 11:44:00
Tag                                                  Avg(ms)         Min         Max     Std Dev       Count

Performance Statistics   2017-08-27 11:44:00 - 2017-08-27 11:45:00
Tag                                                  Avg(ms)         Min         Max     Std Dev       Count

Performance Statistics   2017-08-27 11:45:00 - 2017-08-27 11:46:00
Tag                                                  Avg(ms)         Min         Max     Std Dev       Count

Performance Statistics   2017-08-27 11:46:00 - 2017-08-27 11:47:00
Tag                                                  Avg(ms)         Min         Max     Std Dev       Count

Performance Statistics   2017-08-27 11:47:00 - 2017-08-27 11:48:00
Tag                                                  Avg(ms)         Min         Max     Std Dev       Count

Performance Statistics   2017-08-27 11:48:00 - 2017-08-27 11:49:00
Tag                                                  Avg(ms)         Min         Max     Std Dev       Count

Performance Statistics   2017-08-27 11:49:00 - 2017-08-27 11:50:00
Tag                                                  Avg(ms)         Min         Max     Std Dev       Count

Performance Statistics   2017-08-27 11:50:00 - 2017-08-27 11:51:00
Tag                                                  Avg(ms)         Min         Max     Std Dev       Count

Performance Statistics   2017-08-27 11:51:00 - 2017-08-27 11:52:00
Tag                                                  Avg(ms)         Min         Max     Std Dev       Count

Performance Statistics   2017-08-27 11:52:00 - 2017-08-27 11:53:00
Tag                                                  Avg(ms)         Min         Max     Std Dev       Count

Performance Statistics   2017-08-27 11:53:00 - 2017-08-27 11:54:00
Tag                                                  Avg(ms)         Min         Max     Std Dev       Count

Performance Statistics   2017-08-27 11:54:00 - 2017-08-27 11:55:00
Tag                                                  Avg(ms)         Min         Max     Std Dev       Count

Performance Statistics   2017-08-27 11:55:00 - 2017-08-27 11:56:00
Tag                                                  Avg(ms)         Min         Max     Std Dev       Count

Performance Statistics   2017-08-27 11:56:00 - 2017-08-27 11:57:00
Tag                                                  Avg(ms)         Min         Max     Std Dev       Count

Performance Statistics   2017-08-27 11:57:00 - 2017-08-27 11:58:00
Tag                                                  Avg(ms)         Min         Max     Std Dev       Count

Performance Statistics   2017-08-27 11:58:00 - 2017-08-27 11:59:00
Tag                                                  Avg(ms)         Min         Max     Std Dev       Count

Performance Statistics   2017-08-27 11:59:00 - 2017-08-27 12:00:00
Tag                                                  Avg(ms)         Min         Max     Std Dev       Count

Performance Statistics   2017-08-27 12:00:00 - 2017-08-27 12:01:00
Tag                                                  Avg(ms)         Min         Max     Std Dev       Count

Performance Statistics   2017-08-27 12:01:00 - 2017-08-27 12:02:00
Tag                                                  Avg(ms)         Min         Max     Std Dev       Count

Performance Statistics   2017-08-27 12:02:00 - 2017-08-27 12:03:00
Tag                                                  Avg(ms)         Min         Max     Std Dev       Count

Performance Statistics   2017-08-27 12:03:00 - 2017-08-27 12:04:00
Tag                                                  Avg(ms)         Min         Max     Std Dev       Count

Performance Statistics   2017-08-27 12:04:00 - 2017-08-27 12:05:00
Tag                                                  Avg(ms)         Min         Max     Std Dev       Count

Performance Statistics   2017-08-27 12:05:00 - 2017-08-27 12:06:00
Tag                                                  Avg(ms)         Min         Max     Std Dev       Count

Performance Statistics   2017-08-27 12:06:00 - 2017-08-27 12:07:00
Tag                                                  Avg(ms)         Min         Max     Std Dev       Count

Performance Statistics   2017-08-27 12:07:00 - 2017-08-27 12:08:00
Tag                                                  Avg(ms)         Min         Max     Std Dev       Count

Performance Statistics   2017-08-27 12:08:00 - 2017-08-27 12:09:00
Tag                                                  Avg(ms)         Min         Max     Std Dev       Count

Performance Statistics   2017-08-27 12:09:00 - 2017-08-27 12:10:00
Tag                                                  Avg(ms)         Min         Max     Std Dev       Count

Performance Statistics   2017-08-27 12:10:00 - 2017-08-27 12:11:00
Tag                                                  Avg(ms)         Min         Max     Std Dev       Count

Performance Statistics   2017-08-27 12:11:00 - 2017-08-27 12:12:00
Tag                                                  Avg(ms)         Min         Max     Std Dev       Count

Performance Statistics   2017-08-27 12:12:00 - 2017-08-27 12:13:00
Tag                                                  Avg(ms)         Min         Max     Std Dev       Count

Performance Statistics   2017-08-27 12:13:00 - 2017-08-27 12:14:00
Tag                                                  Avg(ms)         Min         Max     Std Dev       Count

Performance Statistics   2017-08-27 12:14:00 - 2017-08-27 12:15:00
Tag                                                  Avg(ms)         Min         Max     Std Dev       Count

Performance Statistics   2017-08-27 12:15:00 - 2017-08-27 12:16:00
Tag                                                  Avg(ms)         Min         Max     Std Dev       Count

Performance Statistics   2017-08-27 12:16:00 - 2017-08-27 12:17:00
Tag                                                  Avg(ms)         Min         Max     Std Dev       Count

Performance Statistics   2017-08-27 12:17:00 - 2017-08-27 12:18:00
Tag                                                  Avg(ms)         Min         Max     Std Dev       Count

Performance Statistics   2017-08-27 12:18:00 - 2017-08-27 12:19:00
Tag                                                  Avg(ms)         Min         Max     Std Dev       Count

Performance Statistics   2017-08-27 12:19:00 - 2017-08-27 12:20:00
Tag                                                  Avg(ms)         Min         Max     Std Dev       Count

Performance Statistics   2017-08-27 12:20:00 - 2017-08-27 12:21:00
Tag                                                  Avg(ms)         Min         Max     Std Dev       Count

Performance Statistics   2017-08-27 12:21:00 - 2017-08-27 12:22:00
Tag                                                  Avg(ms)         Min         Max     Std Dev       Count

Performance Statistics   2017-08-27 12:22:00 - 2017-08-27 12:23:00
Tag                                                  Avg(ms)         Min         Max     Std Dev       Count

Performance Statistics   2017-08-27 12:23:00 - 2017-08-27 12:24:00
Tag                                                  Avg(ms)         Min         Max     Std Dev       Count

Performance Statistics   2017-08-27 12:24:00 - 2017-08-27 12:25:00
Tag                                                  Avg(ms)         Min         Max     Std Dev       Count

Performance Statistics   2017-08-27 12:25:00 - 2017-08-27 12:26:00
Tag                                                  Avg(ms)         Min         Max     Std Dev       Count

Performance Statistics   2017-08-27 12:26:00 - 2017-08-27 12:27:00
Tag                                                  Avg(ms)         Min         Max     Std Dev       Count

Performance Statistics   2017-08-27 12:27:00 - 2017-08-27 12:28:00
Tag                                                  Avg(ms)         Min         Max     Std Dev       Count

Performance Statistics   2017-08-27 12:28:00 - 2017-08-27 12:29:00
Tag                                                  Avg(ms)         Min         Max     Std Dev       Count

Performance Statistics   2017-08-27 12:29:00 - 2017-08-27 12:30:00
Tag                                                  Avg(ms)         Min         Max     Std Dev       Count

Performance Statistics   2017-08-27 12:30:00 - 2017-08-27 12:31:00
Tag                                                  Avg(ms)         Min         Max     Std Dev       Count

Performance Statistics   2017-08-27 12:31:00 - 2017-08-27 12:32:00
Tag                                                  Avg(ms)         Min         Max     Std Dev       Count

Performance Statistics   2017-08-27 13:03:00 - 2017-08-27 13:04:00
Tag                                                  Avg(ms)         Min         Max     Std Dev       Count

Performance Statistics   2017-08-27 13:05:00 - 2017-08-27 13:06:00
Tag                                                  Avg(ms)         Min         Max     Std Dev       Count
AUTHENTICATE                                            33.0           6          60        27.0           2
CREATE_TICKET_GRANTING_TICKET                           37.5           7          68        30.5           2

Performance Statistics   2017-08-27 13:06:00 - 2017-08-27 13:07:00
Tag                                                  Avg(ms)         Min         Max     Std Dev       Count

Performance Statistics   2017-08-27 13:07:00 - 2017-08-27 13:08:00
Tag                                                  Avg(ms)         Min         Max     Std Dev       Count
AUTHENTICATE                                             8.0           8           8         0.0           1
CREATE_TICKET_GRANTING_TICKET                           11.0          11          11         0.0           1

Performance Statistics   2017-11-18 17:14:00 - 2017-11-18 17:15:00
Tag                                                  Avg(ms)         Min         Max     Std Dev       Count

Performance Statistics   2017-11-18 17:15:00 - 2017-11-18 17:16:00
Tag                                                  Avg(ms)         Min         Max     Std Dev       Count

Performance Statistics   2017-11-18 17:16:00 - 2017-11-18 17:17:00
Tag                                                  Avg(ms)         Min         Max     Std Dev       Count

Performance Statistics   2017-11-18 17:20:00 - 2017-11-18 17:21:00
Tag                                                  Avg(ms)         Min         Max     Std Dev       Count

Performance Statistics   2017-11-18 17:22:00 - 2017-11-18 17:23:00
Tag                                                  Avg(ms)         Min         Max     Std Dev       Count

Performance Statistics   2017-11-18 17:23:00 - 2017-11-18 17:24:00
Tag                                                  Avg(ms)         Min         Max     Std Dev       Count

Performance Statistics   2017-11-18 17:24:00 - 2017-11-18 17:25:00
Tag                                                  Avg(ms)         Min         Max     Std Dev       Count
AUTHENTICATE                                            94.7           6         148        63.1           3
CREATE_TICKET_GRANTING_TICKET                          103.7           7         166        69.3           3
GRANT_SERVICE_TICKET                                    12.0          12          12         0.0           1
VALIDATE_SERVICE_TICKET                                  3.0           3           3         0.0           1

Performance Statistics   2017-11-18 17:25:00 - 2017-11-18 17:26:00
Tag                                                  Avg(ms)         Min         Max     Std Dev       Count

Performance Statistics   2017-11-18 17:26:00 - 2017-11-18 17:27:00
Tag                                                  Avg(ms)         Min         Max     Std Dev       Count
GRANT_SERVICE_TICKET                                     8.0           5          11         3.0           2
VALIDATE_SERVICE_TICKET                                 44.0           2          86        42.0           2

Performance Statistics   2017-11-18 17:27:00 - 2017-11-18 17:28:00
Tag                                                  Avg(ms)         Min         Max     Std Dev       Count

Performance Statistics   2017-11-18 17:28:00 - 2017-11-18 17:29:00
Tag                                                  Avg(ms)         Min         Max     Std Dev       Count

Performance Statistics   2017-11-18 17:29:00 - 2017-11-18 17:30:00
Tag                                                  Avg(ms)         Min         Max     Std Dev       Count

Performance Statistics   2017-11-18 17:30:00 - 2017-11-18 17:31:00
Tag                                                  Avg(ms)         Min         Max     Std Dev       Count

Performance Statistics   2017-11-18 17:31:00 - 2017-11-18 17:32:00
Tag                                                  Avg(ms)         Min         Max     Std Dev       Count

Performance Statistics   2017-11-18 17:32:00 - 2017-11-18 17:33:00
Tag                                                  Avg(ms)         Min         Max     Std Dev       Count

Performance Statistics   2017-11-18 17:33:00 - 2017-11-18 17:34:00
Tag                                                  Avg(ms)         Min         Max     Std Dev       Count

Performance Statistics   2017-11-18 17:34:00 - 2017-11-18 17:35:00
Tag                                                  Avg(ms)         Min         Max     Std Dev       Count

Performance Statistics   2017-11-18 17:35:00 - 2017-11-18 17:36:00
Tag                                                  Avg(ms)         Min         Max     Std Dev       Count

Performance Statistics   2017-11-18 17:36:00 - 2017-11-18 17:37:00
Tag                                                  Avg(ms)         Min         Max     Std Dev       Count

